# JRE version: Java(TM) SE Runtime Environment (18.0.1+10) (build 18.0.1+10-24)
# Java VM: Java HotSpot(TM) 64-Bit Server VM (18.0.1+10-24, mixed mode, sharing, tiered, compressed oops, compressed class ptrs, g1 gc, windows-amd64)
GC Precious Log:
 CardTable entry size: 512
 Card Set container configuration: InlinePtr #cards 5 size 8 Array Of Cards #cards 12 size 40 Howl #buckets 4 coarsen threshold 1843 Howl Bitmap #cards 512 size 80 coarsen threshold 460 Card regions per heap region 1 cards per card region 2048
 CPUs: 8 total, 8 available
 Memory: 7908M
 Large Page Support: Disabled
 NUMA Support: Disabled
 Compressed Oops: Enabled (32-bit)
 Heap Region Size: 1M
 Heap Min Capacity: 8M
 Heap Initial Capacity: 124M
 Heap Max Capacity: 1978M
 Pre-touch: Disabled
 Parallel Workers: 8
 Concurrent Workers: 2
 Concurrent Refinement Workers: 8
 Periodic GC: Disabled
Heap:
 garbage-first heap   total 45056K, used 34930K [0x0000000084600000, 0x0000000100000000)
  region size 1024K, 16 young (16384K), 2 survivors (2048K)
 Metaspace       used 47589K, committed 48000K, reserved 1114112K
  class space    used 6314K, committed 6528K, reserved 1048576K
GC Heap History (18 events):
Event: 1.973 GC heap before
{Heap before GC invocations=0 (full 0):
 garbage-first heap   total 126976K, used 24576K [0x0000000084600000, 0x0000000100000000)
  region size 1024K, 23 young (23552K), 0 survivors (0K)
 Metaspace       used 5829K, committed 6080K, reserved 1114112K
  class space    used 653K, committed 768K, reserved 1048576K
}
Event: 1.997 GC heap after
{Heap after GC invocations=1 (full 0):
 garbage-first heap   total 126976K, used 6957K [0x0000000084600000, 0x0000000100000000)
  region size 1024K, 3 young (3072K), 3 survivors (3072K)
 Metaspace       used 5829K, committed 6080K, reserved 1114112K
  class space    used 653K, committed 768K, reserved 1048576K
}
Event: 3.621 GC heap before
{Heap before GC invocations=1 (full 0):
 garbage-first heap   total 126976K, used 35629K [0x0000000084600000, 0x0000000100000000)
  region size 1024K, 31 young (31744K), 3 survivors (3072K)
 Metaspace       used 13394K, committed 13632K, reserved 1114112K
  class space    used 1645K, committed 1792K, reserved 1048576K
}
Event: 3.630 GC heap after
{Heap after GC invocations=2 (full 0):
 garbage-first heap   total 126976K, used 8881K [0x0000000084600000, 0x0000000100000000)
  region size 1024K, 2 young (2048K), 2 survivors (2048K)
 Metaspace       used 13394K, committed 13632K, reserved 1114112K
  class space    used 1645K, committed 1792K, reserved 1048576K
}
Event: 7.050 GC heap before
{Heap before GC invocations=2 (full 0):
 garbage-first heap   total 126976K, used 55985K [0x0000000084600000, 0x0000000100000000)
  region size 1024K, 50 young (51200K), 2 survivors (2048K)
 Metaspace       used 21270K, committed 21504K, reserved 1114112K
  class space    used 2606K, committed 2752K, reserved 1048576K
}
Event: 7.061 GC heap after
{Heap after GC invocations=3 (full 0):
 garbage-first heap   total 126976K, used 11778K [0x0000000084600000, 0x0000000100000000)
  region size 1024K, 5 young (5120K), 5 survivors (5120K)
 Metaspace       used 21270K, committed 21504K, reserved 1114112K
  class space    used 2606K, committed 2752K, reserved 1048576K
}
Event: 10.076 GC heap before
{Heap before GC invocations=4 (full 0):
 garbage-first heap   total 45056K, used 33282K [0x0000000084600000, 0x0000000100000000)
  region size 1024K, 26 young (26624K), 5 survivors (5120K)
 Metaspace       used 25498K, committed 25856K, reserved 1114112K
  class space    used 3220K, committed 3392K, reserved 1048576K
}
Event: 10.089 GC heap after
{Heap after GC invocations=5 (full 0):
 garbage-first heap   total 45056K, used 14212K [0x0000000084600000, 0x0000000100000000)
  region size 1024K, 3 young (3072K), 3 survivors (3072K)
 Metaspace       used 25498K, committed 25856K, reserved 1114112K
  class space    used 3220K, committed 3392K, reserved 1048576K
}
Event: 11.905 GC heap before
{Heap before GC invocations=5 (full 0):
 garbage-first heap   total 45056K, used 30596K [0x0000000084600000, 0x0000000100000000)
  region size 1024K, 20 young (20480K), 3 survivors (3072K)
 Metaspace       used 28581K, committed 28928K, reserved 1114112K
  class space    used 3555K, committed 3712K, reserved 1048576K
}
Event: 11.912 GC heap after
{Heap after GC invocations=6 (full 0):
 garbage-first heap   total 45056K, used 16157K [0x0000000084600000, 0x0000000100000000)
  region size 1024K, 2 young (2048K), 2 survivors (2048K)
 Metaspace       used 28581K, committed 28928K, reserved 1114112K
  class space    used 3555K, committed 3712K, reserved 1048576K
}
Event: 13.177 GC heap before
{Heap before GC invocations=6 (full 0):
 garbage-first heap   total 45056K, used 31517K [0x0000000084600000, 0x0000000100000000)
  region size 1024K, 18 young (18432K), 2 survivors (2048K)
 Metaspace       used 32065K, committed 32448K, reserved 1114112K
  class space    used 4071K, committed 4224K, reserved 1048576K
}
Event: 13.182 GC heap after
{Heap after GC invocations=7 (full 0):
 garbage-first heap   total 45056K, used 17210K [0x0000000084600000, 0x0000000100000000)
  region size 1024K, 1 young (1024K), 1 survivors (1024K)
 Metaspace       used 32065K, committed 32448K, reserved 1114112K
  class space    used 4071K, committed 4224K, reserved 1048576K
}
Event: 13.983 GC heap before
{Heap before GC invocations=7 (full 0):
 garbage-first heap   total 45056K, used 26426K [0x0000000084600000, 0x0000000100000000)
  region size 1024K, 12 young (12288K), 1 survivors (1024K)
 Metaspace       used 35805K, committed 36160K, reserved 1114112K
  class space    used 4595K, committed 4800K, reserved 1048576K
}
Event: 13.987 GC heap after
{Heap after GC invocations=8 (full 0):
 garbage-first heap   total 45056K, used 18186K [0x0000000084600000, 0x0000000100000000)
  region size 1024K, 2 young (2048K), 2 survivors (2048K)
 Metaspace       used 35805K, committed 36160K, reserved 1114112K
  class space    used 4595K, committed 4800K, reserved 1048576K
}
Event: 15.514 GC heap before
{Heap before GC invocations=9 (full 0):
 garbage-first heap   total 45056K, used 34570K [0x0000000084600000, 0x0000000100000000)
  region size 1024K, 18 young (18432K), 2 survivors (2048K)
 Metaspace       used 40393K, committed 40704K, reserved 1114112K
  class space    used 5272K, committed 5440K, reserved 1048576K
}
Event: 15.519 GC heap after
{Heap after GC invocations=10 (full 0):
 garbage-first heap   total 45056K, used 20002K [0x0000000084600000, 0x0000000100000000)
  region size 1024K, 3 young (3072K), 3 survivors (3072K)
 Metaspace       used 40393K, committed 40704K, reserved 1114112K
  class space    used 5272K, committed 5440K, reserved 1048576K
}
Event: 16.522 GC heap before
{Heap before GC invocations=10 (full 0):
 garbage-first heap   total 45056K, used 34338K [0x0000000084600000, 0x0000000100000000)
  region size 1024K, 17 young (17408K), 3 survivors (3072K)
 Metaspace       used 44264K, committed 44672K, reserved 1114112K
  class space    used 5902K, committed 6080K, reserved 1048576K
}
Event: 16.528 GC heap after
{Heap after GC invocations=11 (full 0):
 garbage-first heap   total 45056K, used 20594K [0x0000000084600000, 0x0000000100000000)
  region size 1024K, 1 young (1024K), 1 survivors (1024K)
 Metaspace       used 44264K, committed 44672K, reserved 1114112K
  class space    used 5902K, committed 6080K, reserved 1048576K
}

